<?xml version="1.0" encoding="UTF-8"?>
<!-- Generated by org.testng.reporters.JUnitReportReporter -->
<testsuite hostname="LAPTOP-IPB288HR" failures="0" tests="2" name="testVagrant.assessment.AppTest" time="0.020" errors="0" timestamp="2022-08-10T19:33:01 IST" skipped="0">
  <testcase classname="testVagrant.assessment.AppTest" name="VerifyPlayerCount" time="0.017"/>
  <system-out/>
  <testcase classname="testVagrant.assessment.AppTest" name="VerifyWicketKeeper" time="0.003"/>
  <system-out/>
</testsuite> <!-- testVagrant.assessment.AppTest -->
